<?xml version="1.0" encoding="UTF-8"?>
<!-- Generated by org.testng.reporters.JUnitXMLReporter -->
<testsuite ignored="0" hostname="LAPTOP-7CD0P876" failures="0" tests="3" name="Test" time="0.061" errors="0" timestamp="2022-10-02T14:39:46 IST">
  <testcase classname="sampletestcases.LoginTests" name="verifyloginwithInvalidCredentials" time="0.009"/>
  <testcase classname="sampletestcases.LoginTests" name="verifyloginwithNoCredentials" time="0.0"/>
  <testcase classname="sampletestcases.LoginTests" name="verifyloginwithValidCredentials" time="0.001"/>
</testsuite> <!-- Test -->
