<?xml version="1.0" encoding="UTF-8"?>
<testng-results ignored="0" total="3" passed="3" failed="0" skipped="0">
  <reporter-output>
  </reporter-output>
  <suite started-at="2022-10-02T14:39:46 IST" name="Suite" finished-at="2022-10-02T14:39:46 IST" duration-ms="61">
    <groups>
    </groups>
    <test started-at="2022-10-02T14:39:46 IST" name="Test" finished-at="2022-10-02T14:39:46 IST" duration-ms="61">
      <class name="sampletestcases.LoginTests">
        <test-method signature="verifyloginwithInvalidCredentials()[pri:0, instance:sampletestcases.LoginTests@639c2c1d]" started-at="2022-10-02T14:39:46 IST" name="verifyloginwithInvalidCredentials" finished-at="2022-10-02T14:39:46 IST" duration-ms="9" status="PASS">
          <reporter-output>
          </reporter-output>
        </test-method> <!-- verifyloginwithInvalidCredentials -->
        <test-method signature="verifyloginwithValidCredentials()[pri:0, instance:sampletestcases.LoginTests@639c2c1d]" started-at="2022-10-02T14:39:46 IST" name="verifyloginwithValidCredentials" finished-at="2022-10-02T14:39:46 IST" duration-ms="1" status="PASS">
          <reporter-output>
          </reporter-output>
        </test-method> <!-- verifyloginwithValidCredentials -->
        <test-method signature="verifyloginwithNoCredentials()[pri:0, instance:sampletestcases.LoginTests@639c2c1d]" started-at="2022-10-02T14:39:46 IST" name="verifyloginwithNoCredentials" finished-at="2022-10-02T14:39:46 IST" duration-ms="0" status="PASS">
          <reporter-output>
          </reporter-output>
        </test-method> <!-- verifyloginwithNoCredentials -->
      </class> <!-- sampletestcases.LoginTests -->
    </test> <!-- Test -->
  </suite> <!-- Suite -->
</testng-results>
